训练中：lr=0.01, hidden_size=200, reg=0.001
Epoch 1/25: Loss = 2.2534, Val Accuracy = 0.1264
Epoch 2/25: Loss = 2.0281, Val Accuracy = 0.1984
Epoch 3/25: Loss = 2.0754, Val Accuracy = 0.2458
Epoch 4/25: Loss = 1.8944, Val Accuracy = 0.2834
Epoch 5/25: Loss = 1.9060, Val Accuracy = 0.3028
Epoch 6/25: Loss = 2.0800, Val Accuracy = 0.3082
Epoch 7/25: Loss = 1.8635, Val Accuracy = 0.3230
Epoch 8/25: Loss = 1.8447, Val Accuracy = 0.3378
Epoch 9/25: Loss = 1.7853, Val Accuracy = 0.3450
Epoch 10/25: Loss = 1.8089, Val Accuracy = 0.3550
Epoch 11/25: Loss = 1.8057, Val Accuracy = 0.3630
Epoch 12/25: Loss = 1.7420, Val Accuracy = 0.3694
Epoch 13/25: Loss = 1.7949, Val Accuracy = 0.3678
Epoch 14/25: Loss = 1.7389, Val Accuracy = 0.3776
Epoch 15/25: Loss = 1.6360, Val Accuracy = 0.3812
Epoch 16/25: Loss = 1.6550, Val Accuracy = 0.3872
Epoch 17/25: Loss = 1.6615, Val Accuracy = 0.3876
Epoch 18/25: Loss = 1.6312, Val Accuracy = 0.3906
Epoch 19/25: Loss = 1.8048, Val Accuracy = 0.3930
Epoch 20/25: Loss = 1.6055, Val Accuracy = 0.4004
Epoch 21/25: Loss = 1.7197, Val Accuracy = 0.4010
Epoch 22/25: Loss = 1.6998, Val Accuracy = 0.4004
Epoch 23/25: Loss = 1.7708, Val Accuracy = 0.4062
Epoch 24/25: Loss = 1.6633, Val Accuracy = 0.4028
Epoch 25/25: Loss = 1.5323, Val Accuracy = 0.4108
验证集准确率: 0.4108
训练中：lr=0.01, hidden_size=200, reg=0.0001
Epoch 1/25: Loss = 2.2729, Val Accuracy = 0.1632
Epoch 2/25: Loss = 2.0079, Val Accuracy = 0.1994
Epoch 3/25: Loss = 1.9198, Val Accuracy = 0.2516
Epoch 4/25: Loss = 1.9572, Val Accuracy = 0.2844
Epoch 5/25: Loss = 2.0683, Val Accuracy = 0.3026
Epoch 6/25: Loss = 1.8516, Val Accuracy = 0.3072
Epoch 7/25: Loss = 1.8640, Val Accuracy = 0.3238
Epoch 8/25: Loss = 1.7944, Val Accuracy = 0.3394
Epoch 9/25: Loss = 1.7637, Val Accuracy = 0.3450
Epoch 10/25: Loss = 1.8535, Val Accuracy = 0.3512
Epoch 11/25: Loss = 1.8540, Val Accuracy = 0.3560
Epoch 12/25: Loss = 1.7514, Val Accuracy = 0.3690
Epoch 13/25: Loss = 1.7318, Val Accuracy = 0.3714
Epoch 14/25: Loss = 1.6295, Val Accuracy = 0.3748
Epoch 15/25: Loss = 1.6776, Val Accuracy = 0.3804
Epoch 16/25: Loss = 1.6834, Val Accuracy = 0.3780
Epoch 17/25: Loss = 1.5976, Val Accuracy = 0.3864
Epoch 18/25: Loss = 1.9239, Val Accuracy = 0.3940
Epoch 19/25: Loss = 1.8110, Val Accuracy = 0.3950
Epoch 20/25: Loss = 1.6860, Val Accuracy = 0.3960
Epoch 21/25: Loss = 1.7344, Val Accuracy = 0.3988
Epoch 22/25: Loss = 1.7591, Val Accuracy = 0.3976
Epoch 23/25: Loss = 1.8553, Val Accuracy = 0.4062
Epoch 24/25: Loss = 1.7273, Val Accuracy = 0.4094
Epoch 25/25: Loss = 1.6491, Val Accuracy = 0.4102
验证集准确率: 0.4102
训练中：lr=0.01, hidden_size=100, reg=0.001
Epoch 1/25: Loss = 2.2719, Val Accuracy = 0.1184
Epoch 2/25: Loss = 2.1013, Val Accuracy = 0.1844
Epoch 3/25: Loss = 2.0645, Val Accuracy = 0.2460
Epoch 4/25: Loss = 1.8648, Val Accuracy = 0.2588
Epoch 5/25: Loss = 1.9610, Val Accuracy = 0.2946
Epoch 6/25: Loss = 1.9186, Val Accuracy = 0.3004
Epoch 7/25: Loss = 2.0109, Val Accuracy = 0.3138
Epoch 8/25: Loss = 1.8037, Val Accuracy = 0.3308
Epoch 9/25: Loss = 1.7929, Val Accuracy = 0.3432
Epoch 10/25: Loss = 1.8054, Val Accuracy = 0.3472
Epoch 11/25: Loss = 1.7993, Val Accuracy = 0.3514
Epoch 12/25: Loss = 1.8549, Val Accuracy = 0.3604
Epoch 13/25: Loss = 1.8091, Val Accuracy = 0.3640
Epoch 14/25: Loss = 1.7542, Val Accuracy = 0.3700
Epoch 15/25: Loss = 1.7086, Val Accuracy = 0.3716
Epoch 16/25: Loss = 1.7168, Val Accuracy = 0.3754
Epoch 17/25: Loss = 1.7548, Val Accuracy = 0.3828
Epoch 18/25: Loss = 1.6873, Val Accuracy = 0.3864
Epoch 19/25: Loss = 1.6787, Val Accuracy = 0.3872
Epoch 20/25: Loss = 1.8732, Val Accuracy = 0.3888
Epoch 21/25: Loss = 1.6952, Val Accuracy = 0.3954
Epoch 22/25: Loss = 1.9370, Val Accuracy = 0.4002
Epoch 23/25: Loss = 1.7277, Val Accuracy = 0.3992
Epoch 24/25: Loss = 1.7232, Val Accuracy = 0.3994
Epoch 25/25: Loss = 1.6624, Val Accuracy = 0.4070
验证集准确率: 0.4070
训练中：lr=0.01, hidden_size=100, reg=0.0001
Epoch 1/25: Loss = 2.2901, Val Accuracy = 0.1300
Epoch 2/25: Loss = 2.1285, Val Accuracy = 0.1952
Epoch 3/25: Loss = 2.0050, Val Accuracy = 0.2418
Epoch 4/25: Loss = 2.0749, Val Accuracy = 0.2710
Epoch 5/25: Loss = 1.9143, Val Accuracy = 0.2940
Epoch 6/25: Loss = 1.9162, Val Accuracy = 0.3094
Epoch 7/25: Loss = 1.9494, Val Accuracy = 0.3168
Epoch 8/25: Loss = 1.9175, Val Accuracy = 0.3276
Epoch 9/25: Loss = 1.8982, Val Accuracy = 0.3440
Epoch 10/25: Loss = 1.7717, Val Accuracy = 0.3454
Epoch 11/25: Loss = 1.7569, Val Accuracy = 0.3532
Epoch 12/25: Loss = 1.7417, Val Accuracy = 0.3634
Epoch 13/25: Loss = 1.9084, Val Accuracy = 0.3686
Epoch 14/25: Loss = 1.8422, Val Accuracy = 0.3764
Epoch 15/25: Loss = 1.7658, Val Accuracy = 0.3768
Epoch 16/25: Loss = 1.8199, Val Accuracy = 0.3808
Epoch 17/25: Loss = 1.7226, Val Accuracy = 0.3830
Epoch 18/25: Loss = 1.9276, Val Accuracy = 0.3890
Epoch 19/25: Loss = 1.6881, Val Accuracy = 0.3912
Epoch 20/25: Loss = 1.7196, Val Accuracy = 0.3968
Epoch 21/25: Loss = 1.6638, Val Accuracy = 0.3988
Epoch 22/25: Loss = 1.6880, Val Accuracy = 0.4028
Epoch 23/25: Loss = 1.7402, Val Accuracy = 0.4026
Epoch 24/25: Loss = 1.7110, Val Accuracy = 0.4068
Epoch 25/25: Loss = 1.7588, Val Accuracy = 0.4074
验证集准确率: 0.4074
训练中：lr=0.01, hidden_size=50, reg=0.001
Epoch 1/25: Loss = 2.2873, Val Accuracy = 0.1014
Epoch 2/25: Loss = 2.0703, Val Accuracy = 0.1884
Epoch 3/25: Loss = 2.0925, Val Accuracy = 0.2362
Epoch 4/25: Loss = 2.0477, Val Accuracy = 0.2540
Epoch 5/25: Loss = 1.9940, Val Accuracy = 0.2752
Epoch 6/25: Loss = 1.9320, Val Accuracy = 0.2966
Epoch 7/25: Loss = 1.9123, Val Accuracy = 0.3108
Epoch 8/25: Loss = 1.8593, Val Accuracy = 0.3188
Epoch 9/25: Loss = 1.8264, Val Accuracy = 0.3296
Epoch 10/25: Loss = 1.7844, Val Accuracy = 0.3354
Epoch 11/25: Loss = 1.7310, Val Accuracy = 0.3442
Epoch 12/25: Loss = 1.7468, Val Accuracy = 0.3544
Epoch 13/25: Loss = 1.8834, Val Accuracy = 0.3556
Epoch 14/25: Loss = 1.7224, Val Accuracy = 0.3584
Epoch 15/25: Loss = 1.8379, Val Accuracy = 0.3646
Epoch 16/25: Loss = 1.7723, Val Accuracy = 0.3718
Epoch 17/25: Loss = 1.7859, Val Accuracy = 0.3776
Epoch 18/25: Loss = 1.7162, Val Accuracy = 0.3772
Epoch 19/25: Loss = 1.8499, Val Accuracy = 0.3830
Epoch 20/25: Loss = 1.7861, Val Accuracy = 0.3830
Epoch 21/25: Loss = 1.7118, Val Accuracy = 0.3858
Epoch 22/25: Loss = 1.6584, Val Accuracy = 0.3876
Epoch 23/25: Loss = 1.6393, Val Accuracy = 0.3920
Epoch 24/25: Loss = 1.7299, Val Accuracy = 0.3938
Epoch 25/25: Loss = 1.6464, Val Accuracy = 0.3926
验证集准确率: 0.3926
训练中：lr=0.01, hidden_size=50, reg=0.0001
Epoch 1/25: Loss = 2.2926, Val Accuracy = 0.1360
Epoch 2/25: Loss = 2.1203, Val Accuracy = 0.1948
Epoch 3/25: Loss = 2.0835, Val Accuracy = 0.2468
Epoch 4/25: Loss = 1.9647, Val Accuracy = 0.2558
Epoch 5/25: Loss = 1.8671, Val Accuracy = 0.2798
Epoch 6/25: Loss = 1.9601, Val Accuracy = 0.2992
Epoch 7/25: Loss = 1.8862, Val Accuracy = 0.3150
Epoch 8/25: Loss = 1.8532, Val Accuracy = 0.3236
Epoch 9/25: Loss = 1.9431, Val Accuracy = 0.3376
Epoch 10/25: Loss = 1.7412, Val Accuracy = 0.3440
Epoch 11/25: Loss = 1.8630, Val Accuracy = 0.3512
Epoch 12/25: Loss = 1.8143, Val Accuracy = 0.3582
Epoch 13/25: Loss = 1.7306, Val Accuracy = 0.3630
Epoch 14/25: Loss = 1.6450, Val Accuracy = 0.3630
Epoch 15/25: Loss = 1.6836, Val Accuracy = 0.3678
Epoch 16/25: Loss = 1.7593, Val Accuracy = 0.3754
Epoch 17/25: Loss = 1.7457, Val Accuracy = 0.3780
Epoch 18/25: Loss = 1.8021, Val Accuracy = 0.3820
Epoch 19/25: Loss = 1.7198, Val Accuracy = 0.3828
Epoch 20/25: Loss = 1.8653, Val Accuracy = 0.3844
Epoch 21/25: Loss = 1.5655, Val Accuracy = 0.3874
Epoch 22/25: Loss = 1.6569, Val Accuracy = 0.3832
Epoch 23/25: Loss = 1.6537, Val Accuracy = 0.3882
Epoch 24/25: Loss = 1.6237, Val Accuracy = 0.3988
Epoch 25/25: Loss = 1.7437, Val Accuracy = 0.4000
验证集准确率: 0.4000
训练中：lr=0.005, hidden_size=200, reg=0.001
Epoch 1/25: Loss = 2.2957, Val Accuracy = 0.0988
Epoch 2/25: Loss = 2.2633, Val Accuracy = 0.1560
Epoch 3/25: Loss = 2.1552, Val Accuracy = 0.1856
Epoch 4/25: Loss = 2.1199, Val Accuracy = 0.2116
Epoch 5/25: Loss = 2.0278, Val Accuracy = 0.2340
Epoch 6/25: Loss = 1.9950, Val Accuracy = 0.2482
Epoch 7/25: Loss = 2.0295, Val Accuracy = 0.2546
Epoch 8/25: Loss = 2.0426, Val Accuracy = 0.2740
Epoch 9/25: Loss = 1.9750, Val Accuracy = 0.2766
Epoch 10/25: Loss = 2.0115, Val Accuracy = 0.2890
Epoch 11/25: Loss = 1.9450, Val Accuracy = 0.2996
Epoch 12/25: Loss = 2.0270, Val Accuracy = 0.2988
Epoch 13/25: Loss = 1.9077, Val Accuracy = 0.3052
Epoch 14/25: Loss = 2.0870, Val Accuracy = 0.3114
Epoch 15/25: Loss = 1.9821, Val Accuracy = 0.3132
Epoch 16/25: Loss = 1.8948, Val Accuracy = 0.3172
Epoch 17/25: Loss = 2.0252, Val Accuracy = 0.3244
Epoch 18/25: Loss = 1.9187, Val Accuracy = 0.3296
Epoch 19/25: Loss = 1.7520, Val Accuracy = 0.3248
Epoch 20/25: Loss = 1.7548, Val Accuracy = 0.3330
Epoch 21/25: Loss = 1.8053, Val Accuracy = 0.3354
Epoch 22/25: Loss = 1.7511, Val Accuracy = 0.3354
Epoch 23/25: Loss = 1.9866, Val Accuracy = 0.3382
Epoch 24/25: Loss = 1.7704, Val Accuracy = 0.3438
Epoch 25/25: Loss = 1.8822, Val Accuracy = 0.3432
验证集准确率: 0.3432
训练中：lr=0.005, hidden_size=200, reg=0.0001
Epoch 1/25: Loss = 2.2958, Val Accuracy = 0.0988
Epoch 2/25: Loss = 2.2497, Val Accuracy = 0.1402
Epoch 3/25: Loss = 2.1254, Val Accuracy = 0.1792
Epoch 4/25: Loss = 2.1627, Val Accuracy = 0.1806
Epoch 5/25: Loss = 2.0716, Val Accuracy = 0.2360
Epoch 6/25: Loss = 1.9949, Val Accuracy = 0.2466
Epoch 7/25: Loss = 2.0446, Val Accuracy = 0.2540
Epoch 8/25: Loss = 1.9135, Val Accuracy = 0.2706
Epoch 9/25: Loss = 1.8834, Val Accuracy = 0.2872
Epoch 10/25: Loss = 2.0037, Val Accuracy = 0.2900
Epoch 11/25: Loss = 1.8632, Val Accuracy = 0.2950
Epoch 12/25: Loss = 1.9268, Val Accuracy = 0.3052
Epoch 13/25: Loss = 1.9227, Val Accuracy = 0.3084
Epoch 14/25: Loss = 1.9550, Val Accuracy = 0.3134
Epoch 15/25: Loss = 1.9322, Val Accuracy = 0.3142
Epoch 16/25: Loss = 1.8910, Val Accuracy = 0.3194
Epoch 17/25: Loss = 1.8804, Val Accuracy = 0.3250
Epoch 18/25: Loss = 1.8627, Val Accuracy = 0.3242
Epoch 19/25: Loss = 1.7930, Val Accuracy = 0.3308
Epoch 20/25: Loss = 1.9000, Val Accuracy = 0.3328
Epoch 21/25: Loss = 1.8341, Val Accuracy = 0.3354
Epoch 22/25: Loss = 1.8602, Val Accuracy = 0.3388
Epoch 23/25: Loss = 1.8539, Val Accuracy = 0.3408
Epoch 24/25: Loss = 1.9384, Val Accuracy = 0.3426
Epoch 25/25: Loss = 1.7679, Val Accuracy = 0.3470
验证集准确率: 0.3470
训练中：lr=0.005, hidden_size=100, reg=0.001
Epoch 1/25: Loss = 2.3019, Val Accuracy = 0.0988
Epoch 2/25: Loss = 2.2856, Val Accuracy = 0.1088
Epoch 3/25: Loss = 2.1674, Val Accuracy = 0.1804
Epoch 4/25: Loss = 2.1564, Val Accuracy = 0.1980
Epoch 5/25: Loss = 2.0772, Val Accuracy = 0.2114
Epoch 6/25: Loss = 2.1038, Val Accuracy = 0.2312
Epoch 7/25: Loss = 2.1059, Val Accuracy = 0.2478
Epoch 8/25: Loss = 1.9542, Val Accuracy = 0.2600
Epoch 9/25: Loss = 1.9582, Val Accuracy = 0.2674
Epoch 10/25: Loss = 2.0568, Val Accuracy = 0.2796
Epoch 11/25: Loss = 1.8288, Val Accuracy = 0.2928
Epoch 12/25: Loss = 1.9053, Val Accuracy = 0.2996
Epoch 13/25: Loss = 1.9039, Val Accuracy = 0.2974
Epoch 14/25: Loss = 1.8773, Val Accuracy = 0.3022
Epoch 15/25: Loss = 1.8597, Val Accuracy = 0.3106
Epoch 16/25: Loss = 2.0865, Val Accuracy = 0.3126
Epoch 17/25: Loss = 1.7911, Val Accuracy = 0.3154
Epoch 18/25: Loss = 1.8483, Val Accuracy = 0.3228
Epoch 19/25: Loss = 2.0201, Val Accuracy = 0.3246
Epoch 20/25: Loss = 1.8968, Val Accuracy = 0.3254
Epoch 21/25: Loss = 1.9347, Val Accuracy = 0.3288
Epoch 22/25: Loss = 1.8020, Val Accuracy = 0.3322
Epoch 23/25: Loss = 1.8668, Val Accuracy = 0.3368
Epoch 24/25: Loss = 2.0519, Val Accuracy = 0.3388
Epoch 25/25: Loss = 1.8088, Val Accuracy = 0.3382
验证集准确率: 0.3382
训练中：lr=0.005, hidden_size=100, reg=0.0001
Epoch 1/25: Loss = 2.3005, Val Accuracy = 0.0994
Epoch 2/25: Loss = 2.2873, Val Accuracy = 0.1496
Epoch 3/25: Loss = 2.2106, Val Accuracy = 0.1746
Epoch 4/25: Loss = 2.1445, Val Accuracy = 0.1894
Epoch 5/25: Loss = 2.0795, Val Accuracy = 0.2148
Epoch 6/25: Loss = 2.0457, Val Accuracy = 0.2404
Epoch 7/25: Loss = 1.9489, Val Accuracy = 0.2534
Epoch 8/25: Loss = 2.0260, Val Accuracy = 0.2560
Epoch 9/25: Loss = 1.9482, Val Accuracy = 0.2708
Epoch 10/25: Loss = 1.9904, Val Accuracy = 0.2850
Epoch 11/25: Loss = 1.8977, Val Accuracy = 0.2948
Epoch 12/25: Loss = 1.9138, Val Accuracy = 0.2994
Epoch 13/25: Loss = 1.8495, Val Accuracy = 0.3018
Epoch 14/25: Loss = 1.8103, Val Accuracy = 0.3066
Epoch 15/25: Loss = 1.8571, Val Accuracy = 0.3114
Epoch 16/25: Loss = 1.9578, Val Accuracy = 0.3150
Epoch 17/25: Loss = 1.8132, Val Accuracy = 0.3174
Epoch 18/25: Loss = 1.9078, Val Accuracy = 0.3226
Epoch 19/25: Loss = 1.7841, Val Accuracy = 0.3260
Epoch 20/25: Loss = 1.8114, Val Accuracy = 0.3324
Epoch 21/25: Loss = 1.8157, Val Accuracy = 0.3312
Epoch 22/25: Loss = 1.7933, Val Accuracy = 0.3358
Epoch 23/25: Loss = 1.9100, Val Accuracy = 0.3346
Epoch 24/25: Loss = 1.8106, Val Accuracy = 0.3398
Epoch 25/25: Loss = 1.9023, Val Accuracy = 0.3400
验证集准确率: 0.3400
训练中：lr=0.005, hidden_size=50, reg=0.001
Epoch 1/25: Loss = 2.3017, Val Accuracy = 0.0988
Epoch 2/25: Loss = 2.2778, Val Accuracy = 0.1038
Epoch 3/25: Loss = 2.1927, Val Accuracy = 0.1738
Epoch 4/25: Loss = 2.0974, Val Accuracy = 0.1938
Epoch 5/25: Loss = 1.9885, Val Accuracy = 0.2060
Epoch 6/25: Loss = 1.9911, Val Accuracy = 0.2406
Epoch 7/25: Loss = 2.0674, Val Accuracy = 0.2462
Epoch 8/25: Loss = 1.9865, Val Accuracy = 0.2572
Epoch 9/25: Loss = 2.0206, Val Accuracy = 0.2678
Epoch 10/25: Loss = 1.8881, Val Accuracy = 0.2746
Epoch 11/25: Loss = 1.9138, Val Accuracy = 0.2872
Epoch 12/25: Loss = 2.0017, Val Accuracy = 0.2876
Epoch 13/25: Loss = 1.9019, Val Accuracy = 0.2956
Epoch 14/25: Loss = 1.8397, Val Accuracy = 0.3036
Epoch 15/25: Loss = 1.9957, Val Accuracy = 0.3030
Epoch 16/25: Loss = 1.8574, Val Accuracy = 0.3058
Epoch 17/25: Loss = 1.9037, Val Accuracy = 0.3114
Epoch 18/25: Loss = 1.8017, Val Accuracy = 0.3154
Epoch 19/25: Loss = 1.9455, Val Accuracy = 0.3194
Epoch 20/25: Loss = 1.9484, Val Accuracy = 0.3182
Epoch 21/25: Loss = 1.8254, Val Accuracy = 0.3260
Epoch 22/25: Loss = 1.7619, Val Accuracy = 0.3284
Epoch 23/25: Loss = 1.9506, Val Accuracy = 0.3300
Epoch 24/25: Loss = 1.9759, Val Accuracy = 0.3344
Epoch 25/25: Loss = 1.8662, Val Accuracy = 0.3370
验证集准确率: 0.3370
训练中：lr=0.005, hidden_size=50, reg=0.0001
Epoch 1/25: Loss = 2.3003, Val Accuracy = 0.0992
Epoch 2/25: Loss = 2.2798, Val Accuracy = 0.1414
Epoch 3/25: Loss = 2.1975, Val Accuracy = 0.1748
Epoch 4/25: Loss = 2.0791, Val Accuracy = 0.1824
Epoch 5/25: Loss = 2.1009, Val Accuracy = 0.2008
Epoch 6/25: Loss = 2.0446, Val Accuracy = 0.2168
Epoch 7/25: Loss = 2.0271, Val Accuracy = 0.2424
Epoch 8/25: Loss = 1.9992, Val Accuracy = 0.2502
Epoch 9/25: Loss = 1.9527, Val Accuracy = 0.2604
Epoch 10/25: Loss = 2.0355, Val Accuracy = 0.2716
Epoch 11/25: Loss = 1.9191, Val Accuracy = 0.2820
Epoch 12/25: Loss = 1.9758, Val Accuracy = 0.2864
Epoch 13/25: Loss = 2.0173, Val Accuracy = 0.2924
Epoch 14/25: Loss = 1.8965, Val Accuracy = 0.2974
Epoch 15/25: Loss = 1.8790, Val Accuracy = 0.3014
Epoch 16/25: Loss = 1.8007, Val Accuracy = 0.3074
Epoch 17/25: Loss = 1.8180, Val Accuracy = 0.3124
Epoch 18/25: Loss = 2.0179, Val Accuracy = 0.3146
Epoch 19/25: Loss = 1.8917, Val Accuracy = 0.3182
Epoch 20/25: Loss = 1.7313, Val Accuracy = 0.3206
Epoch 21/25: Loss = 1.8633, Val Accuracy = 0.3276
Epoch 22/25: Loss = 1.9036, Val Accuracy = 0.3268
Epoch 23/25: Loss = 1.9025, Val Accuracy = 0.3308
Epoch 24/25: Loss = 1.8862, Val Accuracy = 0.3326
Epoch 25/25: Loss = 1.8238, Val Accuracy = 0.3346
验证集准确率: 0.3346

最佳验证准确率: 0.4108，参数组合: lr=0.01, hidden_size=200, reg=0.001
模型参数已保存至 best_model.pkl

超参数搜索结果：
lr=0.01, hidden_size=200, reg=0.001 => Val Accuracy: 0.4108
lr=0.01, hidden_size=200, reg=0.0001 => Val Accuracy: 0.4102
lr=0.01, hidden_size=100, reg=0.001 => Val Accuracy: 0.4070
lr=0.01, hidden_size=100, reg=0.0001 => Val Accuracy: 0.4074
lr=0.01, hidden_size=50, reg=0.001 => Val Accuracy: 0.3926
lr=0.01, hidden_size=50, reg=0.0001 => Val Accuracy: 0.4000
lr=0.005, hidden_size=200, reg=0.001 => Val Accuracy: 0.3432
lr=0.005, hidden_size=200, reg=0.0001 => Val Accuracy: 0.3470
lr=0.005, hidden_size=100, reg=0.001 => Val Accuracy: 0.3382
lr=0.005, hidden_size=100, reg=0.0001 => Val Accuracy: 0.3400
lr=0.005, hidden_size=50, reg=0.001 => Val Accuracy: 0.3370
lr=0.005, hidden_size=50, reg=0.0001 => Val Accuracy: 0.3346
